Determining if the pthread_create exist failed with the following output:
Change Dir: /capstone/ros/build/CMakeFiles/CMakeTmp

Run Build Command:"/usr/bin/make" "cmTC_7830f/fast"
/usr/bin/make -f CMakeFiles/cmTC_7830f.dir/build.make CMakeFiles/cmTC_7830f.dir/build
make[1]: Entering directory '/capstone/ros/build/CMakeFiles/CMakeTmp'
Building C object CMakeFiles/cmTC_7830f.dir/CheckSymbolExists.c.o
/usr/bin/cc     -o CMakeFiles/cmTC_7830f.dir/CheckSymbolExists.c.o   -c /capstone/ros/build/CMakeFiles/CMakeTmp/CheckSymbolExists.c
Linking C executable cmTC_7830f
/usr/bin/cmake -E cmake_link_script CMakeFiles/cmTC_7830f.dir/link.txt --verbose=1
/usr/bin/cc       CMakeFiles/cmTC_7830f.dir/CheckSymbolExists.c.o  -o cmTC_7830f -rdynamic 
CMakeFiles/cmTC_7830f.dir/CheckSymbolExists.c.o: In function `main':
CheckSymbolExists.c:(.text+0x16): undefined reference to `pthread_create'
collect2: error: ld returned 1 exit status
CMakeFiles/cmTC_7830f.dir/build.make:97: recipe for target 'cmTC_7830f' failed
make[1]: *** [cmTC_7830f] Error 1
make[1]: Leaving directory '/capstone/ros/build/CMakeFiles/CMakeTmp'
Makefile:126: recipe for target 'cmTC_7830f/fast' failed
make: *** [cmTC_7830f/fast] Error 2

File /capstone/ros/build/CMakeFiles/CMakeTmp/CheckSymbolExists.c:
/* */
#include <pthread.h>

int main(int argc, char** argv)
{
  (void)argv;
#ifndef pthread_create
  return ((int*)(&pthread_create))[argc];
#else
  (void)argc;
  return 0;
#endif
}

Determining if the function pthread_create exists in the pthreads failed with the following output:
Change Dir: /capstone/ros/build/CMakeFiles/CMakeTmp

Run Build Command:"/usr/bin/make" "cmTC_24039/fast"
/usr/bin/make -f CMakeFiles/cmTC_24039.dir/build.make CMakeFiles/cmTC_24039.dir/build
make[1]: Entering directory '/capstone/ros/build/CMakeFiles/CMakeTmp'
Building C object CMakeFiles/cmTC_24039.dir/CheckFunctionExists.c.o
/usr/bin/cc    -DCHECK_FUNCTION_EXISTS=pthread_create   -o CMakeFiles/cmTC_24039.dir/CheckFunctionExists.c.o   -c /usr/share/cmake-3.5/Modules/CheckFunctionExists.c
Linking C executable cmTC_24039
/usr/bin/cmake -E cmake_link_script CMakeFiles/cmTC_24039.dir/link.txt --verbose=1
/usr/bin/cc   -DCHECK_FUNCTION_EXISTS=pthread_create    CMakeFiles/cmTC_24039.dir/CheckFunctionExists.c.o  -o cmTC_24039 -rdynamic -lpthreads 
/usr/bin/ld: cannot find -lpthreads
collect2: error: ld returned 1 exit status
CMakeFiles/cmTC_24039.dir/build.make:97: recipe for target 'cmTC_24039' failed
make[1]: *** [cmTC_24039] Error 1
make[1]: Leaving directory '/capstone/ros/build/CMakeFiles/CMakeTmp'
Makefile:126: recipe for target 'cmTC_24039/fast' failed
make: *** [cmTC_24039/fast] Error 2


